l:\work\clases\proyecto-progra1-2018-1\ladybug\new_ladybug\debug\vc140.pdb
l:\work\clases\proyecto-progra1-2018-1\ladybug\new_ladybug\debug\.netframework,version=v4.5.2.assemblyattributes.obj
l:\work\clases\proyecto-progra1-2018-1\ladybug\new_ladybug\debug\.netframework,version=v4.5.2.assemblyattributes.asm
l:\work\clases\proyecto-progra1-2018-1\ladybug\new_ladybug\debug\main.obj
l:\work\clases\proyecto-progra1-2018-1\ladybug\new_ladybug\debug\new_ladybug.vcxprojresolveassemblyreference.cache
l:\work\clases\proyecto-progra1-2018-1\ladybug\debug\new_ladybug.pdb
l:\work\clases\proyecto-progra1-2018-1\ladybug\new_ladybug\debug\new_ladybug.tlog\cl.command.1.tlog
l:\work\clases\proyecto-progra1-2018-1\ladybug\new_ladybug\debug\new_ladybug.tlog\cl.read.1.tlog
l:\work\clases\proyecto-progra1-2018-1\ladybug\new_ladybug\debug\new_ladybug.tlog\cl.write.1.tlog
l:\work\clases\proyecto-progra1-2018-1\ladybug\new_ladybug\debug\new_ladybug.tlog\link.6896.1292-cvtres.read.1.tlog
l:\work\clases\proyecto-progra1-2018-1\ladybug\new_ladybug\debug\new_ladybug.tlog\link.6896.1292-cvtres.write.1.tlog
l:\work\clases\proyecto-progra1-2018-1\ladybug\new_ladybug\debug\new_ladybug.tlog\link.6896.1292-rc.read.1.tlog
l:\work\clases\proyecto-progra1-2018-1\ladybug\new_ladybug\debug\new_ladybug.tlog\link.6896.1292-rc.write.1.tlog
l:\work\clases\proyecto-progra1-2018-1\ladybug\new_ladybug\debug\new_ladybug.tlog\link.6896.1292.read.1.tlog
l:\work\clases\proyecto-progra1-2018-1\ladybug\new_ladybug\debug\new_ladybug.tlog\link.6896.1292.write.1.tlog
l:\work\clases\proyecto-progra1-2018-1\ladybug\new_ladybug\debug\new_ladybug.tlog\link.6896.read.1.tlog
l:\work\clases\proyecto-progra1-2018-1\ladybug\new_ladybug\debug\new_ladybug.tlog\link.6896.write.1.tlog
l:\work\clases\proyecto-progra1-2018-1\ladybug\new_ladybug\debug\new_ladybug.tlog\link.command.1.tlog
l:\work\clases\proyecto-progra1-2018-1\ladybug\new_ladybug\debug\new_ladybug.tlog\link.read.1.tlog
l:\work\clases\proyecto-progra1-2018-1\ladybug\new_ladybug\debug\new_ladybug.tlog\link.write.1.tlog
l:\work\clases\proyecto-progra1-2018-1\ladybug\new_ladybug\debug\new_ladybug.tlog\metagen.read.1.tlog
l:\work\clases\proyecto-progra1-2018-1\ladybug\new_ladybug\debug\new_ladybug.tlog\metagen.write.1.tlog
l:\work\clases\proyecto-progra1-2018-1\ladybug\new_ladybug\debug\new_ladybug.tlog\tzres.dll.bi
